[debug] [2017-11-11T07:06:53.257Z] ----------------------------------------------------------------------
[debug] [2017-11-11T07:06:53.259Z] Command:       /usr/local/Cellar/node/8.1.3/bin/node /usr/local/bin/firebase deploy
[debug] [2017-11-11T07:06:53.260Z] CLI Version:   3.13.1
[debug] [2017-11-11T07:06:53.260Z] Platform:      darwin
[debug] [2017-11-11T07:06:53.260Z] Node Version:  v8.1.3
[debug] [2017-11-11T07:06:53.260Z] Time:          Sat Nov 11 2017 01:06:53 GMT-0600 (CST)
[debug] [2017-11-11T07:06:53.260Z] ----------------------------------------------------------------------
[debug] 
[debug] [2017-11-11T07:06:53.276Z] > command requires scopes: ["email","openid","https://www.googleapis.com/auth/cloudplatformprojects.readonly","https://www.googleapis.com/auth/firebase","https://www.googleapis.com/auth/cloud-platform"]
[debug] [2017-11-11T07:06:53.277Z] > authorizing via signed-in user
[debug] [2017-11-11T07:06:53.279Z] >>> HTTP REQUEST GET https://admin.firebase.com/v1/projects/themepark-map  
 Sat Nov 11 2017 01:06:53 GMT-0600 (CST)
[debug] [2017-11-11T07:06:53.736Z] <<< HTTP RESPONSE 200
[debug] [2017-11-11T07:06:53.737Z] >>> HTTP REQUEST GET https://admin.firebase.com/v1/database/themepark-map/tokens  
 Sat Nov 11 2017 01:06:53 GMT-0600 (CST)
[debug] [2017-11-11T07:06:54.316Z] <<< HTTP RESPONSE 200
[info] 1
[info] 
[info] === Deploying to 'themepark-map'...
[info] 
[info] i  deploying hosting
[info] i  hosting: preparing public directory for upload...
[debug] [2017-11-11T07:06:55.334Z] >>> HTTP REQUEST PUT https://deploy.firebase.com/v1/hosting/themepark-map/uploads/-KydtlRoZWNn4YF__eFk?fileCount=14&message=  
 Sat Nov 11 2017 01:06:55 GMT-0600 (CST)
